<?xml version="1.0" encoding="UTF-8"?>
<!-- Generated by org.testng.reporters.JUnitReportReporter -->
<testsuite hostname="LAPTOP-5MB13OGU" failures="0" tests="1" name="com.pyga.system.CampaignSystemTest" time="37.484" errors="0" timestamp="2023-07-11T13:18:38 IST" skipped="0">
  <testcase classname="com.pyga.system.CampaignSystemTest" name="campaignSystemTest" time="37.484"/>
  <system-out>
    <![CDATA[Vendor is created and verified: PASS
Product is created and verified: PASS
Campaign is created and verified: PASS
Testscript passed]]>
  </system-out>
</testsuite> <!-- com.pyga.system.CampaignSystemTest -->
