<?xml version="1.0" encoding="UTF-8"?>
<!-- Generated by org.testng.reporters.JUnitReportReporter -->
<testsuite hostname="LAPTOP-5MB13OGU" failures="0" tests="3" name="com.pyga.practice.DataProviderExample" time="0.016" errors="0" timestamp="2023-07-06T15:15:02 IST" skipped="0">
  <testcase classname="com.pyga.practice.DataProviderExample" name="patientDetails" time="0.003"/>
  <system-out/>
  <testcase classname="com.pyga.practice.DataProviderExample" name="patientDetails" time="0.011"/>
  <system-out/>
  <testcase classname="com.pyga.practice.DataProviderExample" name="patientDetails" time="0.002"/>
  <system-out/>
</testsuite> <!-- com.pyga.practice.DataProviderExample -->
