<?xml version="1.0" encoding="UTF-8"?>
<!-- Generated by org.testng.reporters.JUnitReportReporter -->
<testsuite hostname="LAPTOP-5MB13OGU" failures="0" tests="1" name="com.pyga.system.SalesOrdersSystemTest" time="41.478" errors="0" timestamp="2023-07-13T15:43:41 IST" skipped="0">
  <testcase classname="com.pyga.system.SalesOrdersSystemTest" name="salesOrdersSystemTest" time="41.478"/>
  <system-out>
    <![CDATA[Vendor is created and verified: PASS
Product is created and verified: PASS
Quote is created and verified: PASS
Sales Order is created and verified: PASS
Testscript passed]]>
  </system-out>
</testsuite> <!-- com.pyga.system.SalesOrdersSystemTest -->
