<?xml version="1.0" encoding="UTF-8"?>
<!-- Generated by org.testng.reporters.JUnitReportReporter -->
<testsuite hostname="LAPTOP-5MB13OGU" failures="0" tests="1" name="com.pyga.system.InvoiceSystemTest" time="44.180" errors="0" timestamp="2023-07-13T15:44:42 IST" skipped="0">
  <testcase classname="com.pyga.system.InvoiceSystemTest" name="invoiceSystemTest" time="44.180"/>
  <system-out>
    <![CDATA[Organization is created and verified: PASS
Quote is created and verified: PASS
Sales Order is created and verified: PASS
Invoice is created and verified: PASS
Testscript passed]]>
  </system-out>
</testsuite> <!-- com.pyga.system.InvoiceSystemTest -->
