<?xml version="1.0" encoding="UTF-8"?>
<!-- Generated by org.testng.reporters.JUnitReportReporter -->
<testsuite hostname="LAPTOP-5MB13OGU" failures="0" tests="1" name="com.pyga.system.OpportunitySystemTest" time="41.453" errors="0" timestamp="2023-07-13T15:32:36 IST" skipped="0">
  <testcase classname="com.pyga.system.OpportunitySystemTest" name="opportunitySystemTest" time="41.453"/>
  <system-out>
    <![CDATA[Organization is created and verified: PASS
Contact is created and verified: PASS
Opportunity is created and verified: PASS
Testscript passed]]>
  </system-out>
</testsuite> <!-- com.pyga.system.OpportunitySystemTest -->
